[2022-08-17 17:23:23.218 +05:30  INF]  Now listening on: https://localhost:7187
[2022-08-17 17:23:23.278 +05:30  INF]  Now listening on: http://localhost:5187
[2022-08-17 17:23:23.284 +05:30  INF]  Application started. Press Ctrl+C to shut down.
[2022-08-17 17:23:23.285 +05:30  INF]  Hosting environment: Development
[2022-08-17 17:23:23.285 +05:30  INF]  Content root path: D:\aspdotnet\CSharpOPPsRepo\LoggingWithSerilog_Demo\
[2022-08-17 17:23:24.161 +05:30  INF]  Request starting HTTP/2 GET https://localhost:7187/swagger/index.html - -
[2022-08-17 17:23:24.692 +05:30  INF]  Request starting HTTP/2 GET https://localhost:7187/_framework/aspnetcore-browser-refresh.js - -
[2022-08-17 17:23:24.705 +05:30  INF]  Request finished HTTP/2 GET https://localhost:7187/swagger/index.html - - - 200 - text/html;charset=utf-8 549.1703ms
[2022-08-17 17:23:24.738 +05:30  INF]  Request finished HTTP/2 GET https://localhost:7187/_framework/aspnetcore-browser-refresh.js - - - 200 12004 application/javascript;+charset=utf-8 46.0146ms
[2022-08-17 17:23:24.973 +05:30  INF]  Request starting HTTP/2 GET https://localhost:7187/swagger/v1/swagger.json - -
[2022-08-17 17:23:25.154 +05:30  INF]  Request finished HTTP/2 GET https://localhost:7187/swagger/v1/swagger.json - - - 200 - application/json;charset=utf-8 181.8791ms
[2022-08-17 17:23:31.689 +05:30  INF]  Request starting HTTP/2 GET https://localhost:7187/Api/Employees - -
[2022-08-17 17:23:31.740 +05:30  INF]  Executing endpoint 'LoggingWithSerilog_Demo.Controllers.EmployeesController.Index (LoggingWithSerilog_Demo)'
[2022-08-17 17:23:31.857 +05:30  INF]  Route matched with {action = "Index", controller = "Employees"}. Executing controller action with signature Microsoft.AspNetCore.Mvc.IActionResult Index() on controller LoggingWithSerilog_Demo.Controllers.EmployeesController (LoggingWithSerilog_Demo).
[2022-08-17 17:23:31.904 +05:30  INF]  fetching data  Of Employee Inside Index Method Line 23  
[2022-08-17 17:23:37.332 +05:30  INF]  Executed action LoggingWithSerilog_Demo.Controllers.EmployeesController.Index (LoggingWithSerilog_Demo) in 5462.9595ms
[2022-08-17 17:23:37.336 +05:30  INF]  Executed endpoint 'LoggingWithSerilog_Demo.Controllers.EmployeesController.Index (LoggingWithSerilog_Demo)'
[2022-08-17 17:23:37.816 +05:30  ERR]  Apply custom Exception middleware :System.Exception: Somthing wrong { Just Use of custom  Middle ware}
   at LoggingWithSerilog_Demo.Controllers.EmployeesController.Index() in D:\aspdotnet\CSharpOPPsRepo\LoggingWithSerilog_Demo\Controllers\EmployeesController.cs:line 33
   at lambda_method2(Closure , Object , Object[] )
   at Microsoft.AspNetCore.Mvc.Infrastructure.ActionMethodExecutor.SyncActionResultExecutor.Execute(IActionResultTypeMapper mapper, ObjectMethodExecutor executor, Object controller, Object[] arguments)
   at Microsoft.AspNetCore.Mvc.Infrastructure.ControllerActionInvoker.InvokeActionMethodAsync()
   at Microsoft.AspNetCore.Mvc.Infrastructure.ControllerActionInvoker.Next(State& next, Scope& scope, Object& state, Boolean& isCompleted)
   at Microsoft.AspNetCore.Mvc.Infrastructure.ControllerActionInvoker.InvokeNextActionFilterAsync()
--- End of stack trace from previous location ---
   at Microsoft.AspNetCore.Mvc.Infrastructure.ControllerActionInvoker.Rethrow(ActionExecutedContextSealed context)
   at Microsoft.AspNetCore.Mvc.Infrastructure.ControllerActionInvoker.Next(State& next, Scope& scope, Object& state, Boolean& isCompleted)
   at Microsoft.AspNetCore.Mvc.Infrastructure.ControllerActionInvoker.InvokeInnerFilterAsync()
--- End of stack trace from previous location ---
   at Microsoft.AspNetCore.Mvc.Infrastructure.ResourceInvoker.<InvokeFilterPipelineAsync>g__Awaited|20_0(ResourceInvoker invoker, Task lastTask, State next, Scope scope, Object state, Boolean isCompleted)
   at Microsoft.AspNetCore.Mvc.Infrastructure.ResourceInvoker.<InvokeAsync>g__Logged|17_1(ResourceInvoker invoker)
   at Microsoft.AspNetCore.Mvc.Infrastructure.ResourceInvoker.<InvokeAsync>g__Logged|17_1(ResourceInvoker invoker)
   at Microsoft.AspNetCore.Routing.EndpointMiddleware.<Invoke>g__AwaitRequestTask|6_0(Endpoint endpoint, Task requestTask, ILogger logger)
   at Microsoft.AspNetCore.Authorization.AuthorizationMiddleware.Invoke(HttpContext context)
   at LoggingWithSerilog_Demo.CustomExceptionMiddlewareHandler.CustomExceptionHandler.InvokeAsync(HttpContext context) in D:\aspdotnet\CSharpOPPsRepo\LoggingWithSerilog_Demo\CustomExceptionMiddlewareHandler\CustomExceptionHandler.cs:line 21
[2022-08-17 17:23:37.818 +05:30  INF]  Request finished HTTP/2 GET https://localhost:7187/Api/Employees - - - 500 0 application/json 6129.4011ms
